[debug] [2022-01-23T11:38:08.875Z] ----------------------------------------------------------------------
[debug] [2022-01-23T11:38:08.878Z] Command:       C:\Program Files\nodejs\node.exe C:\Users\Gulsh\AppData\Roaming\npm\node_modules\firebase-tools\lib\bin\firebase.js init
[debug] [2022-01-23T11:38:08.879Z] CLI Version:   10.1.2
[debug] [2022-01-23T11:38:08.879Z] Platform:      win32
[debug] [2022-01-23T11:38:08.879Z] Node Version:  v16.13.2
[debug] [2022-01-23T11:38:08.881Z] Time:          Sun Jan 23 2022 17:08:08 GMT+0530 (India Standard Time)
[debug] [2022-01-23T11:38:08.881Z] ----------------------------------------------------------------------
[debug] 
[debug] [2022-01-23T11:38:08.897Z] > command requires scopes: ["email","openid","https://www.googleapis.com/auth/cloudplatformprojects.readonly","https://www.googleapis.com/auth/firebase","https://www.googleapis.com/auth/cloud-platform"]
[debug] [2022-01-23T11:38:08.898Z] > authorizing via signed-in user (gulshankhandale2@gmail.com)
[info] 
     ######## #### ########  ######## ########     ###     ######  ########
     ##        ##  ##     ## ##       ##     ##  ##   ##  ##       ##
     ######    ##  ########  ######   ########  #########  ######  ######
     ##        ##  ##    ##  ##       ##     ## ##     ##       ## ##
     ##       #### ##     ## ######## ########  ##     ##  ######  ########

You're about to initialize a Firebase project in this directory:

  C:\Users\Gulsh\Downloads\react-portfolio-final-main\react-portfolio-final-main

[info] 
=== Project Setup
[info] 
[info] First, let's associate this project directory with a Firebase project.
[info] You can create multiple project aliases by running firebase use --add, 
[info] but for now we'll just set up a default project.
[info] 
[debug] [2022-01-23T11:38:58.903Z] >>> [apiv2][query] GET https://firebase.googleapis.com/v1beta1/projects pageSize=100
[debug] [2022-01-23T11:39:00.752Z] <<< [apiv2][status] GET https://firebase.googleapis.com/v1beta1/projects 200
[debug] [2022-01-23T11:39:00.753Z] <<< [apiv2][body] GET https://firebase.googleapis.com/v1beta1/projects [omitted]
[info] i  Using project myblog-35bb0 (Myblog) 
[info] 
=== Hosting Setup
[info] 
[info] Your public directory is the folder (relative to your project directory) that
[info] will contain Hosting assets to be uploaded with firebase deploy. If you
[info] have a build process for your assets, use your build's output directory.
[info] 
[debug] [2022-01-23T11:39:18.956Z] >>> [apiv2][query] GET https://www.gstatic.com/firebasejs/releases.json [none]
[debug] [2022-01-23T11:39:19.241Z] <<< [apiv2][status] GET https://www.gstatic.com/firebasejs/releases.json 200
[debug] [2022-01-23T11:39:19.242Z] <<< [apiv2][body] GET https://www.gstatic.com/firebasejs/releases.json {"current":{"version":"9.6.4","browserURL":"https://www.gstatic.com/firebasejs/9.6.4/firebase.js","packageURL":"https://www.gstatic.com/firebasejs/9.6.4/firebase.tgz"},"live":{"version":"9.6","browserURL":"https://www.gstatic.com/firebasejs/live/9.6/firebase.js","packageURL":"https://www.gstatic.com/firebasejs/live/9.6/firebase.tgz"},"components":{"analytics":"https://www.gstatic.com/firebasejs/9.6.4/firebase-analytics.js","app":"https://www.gstatic.com/firebasejs/9.6.4/firebase-app.js","app-check":"https://www.gstatic.com/firebasejs/9.6.4/firebase-app-check.js","auth":"https://www.gstatic.com/firebasejs/9.6.4/firebase-auth.js","auth/cordova":"https://www.gstatic.com/firebasejs/9.6.4/firebase-auth/cordova.js","auth/react-native":"https://www.gstatic.com/firebasejs/9.6.4/firebase-auth/react-native.js","functions":"https://www.gstatic.com/firebasejs/9.6.4/firebase-functions.js","firestore":"https://www.gstatic.com/firebasejs/9.6.4/firebase-firestore.js","firestore/lite":"https://www.gstatic.com/firebasejs/9.6.4/firebase-firestore/lite.js","storage":"https://www.gstatic.com/firebasejs/9.6.4/firebase-storage.js","performance":"https://www.gstatic.com/firebasejs/9.6.4/firebase-performance.js","remote-config":"https://www.gstatic.com/firebasejs/9.6.4/firebase-remote-config.js","messaging":"https://www.gstatic.com/firebasejs/9.6.4/firebase-messaging.js","messaging/sw":"https://www.gstatic.com/firebasejs/9.6.4/firebase-messaging/sw.js","database":"https://www.gstatic.com/firebasejs/9.6.4/firebase-database.js","firestore.memory":"https://www.gstatic.com/firebasejs/9.6.4/firebase-firestore.memory.js"}}
[info] +  Wrote build/index.html 
[info] 
[info] i  Didn't detect a .git folder. Assuming C:\Users\Gulsh\Downloads\react-portfolio-final-main\react-portfolio-final-main is the project root. 
[info] i  Authorizing with GitHub to upload your service account to a GitHub repository's secrets store. 
[info] 
[info] Visit this URL on this device to log in:
[info] https://github.com/login/oauth/authorize?client_id=89cf50f02ac6aaed3484&state=914599989&redirect_uri=http%3A%2F%2Flocalhost%3A9005&scope=read%3Auser%20repo%20public_repo
[info] 
[info] Waiting for authentication...
[debug] [2022-01-23T11:39:26.054Z] >>> HTTP REQUEST POST https://github.com/login/oauth/access_token  
 {"client_id":"89cf50f02ac6aaed3484","client_secret":"3330d14abc895d9a74d5f17cd7a00711fa2c5bf0","code":"904e0354a6de0473e147","redirect_uri":"http://localhost:9005","state":"914599989"}
[debug] [2022-01-23T11:39:26.714Z] <<< HTTP RESPONSE 200 {"server":"GitHub.com","date":"Sun, 23 Jan 2022 11:39:25 GMT","content-type":"application/json; charset=utf-8","transfer-encoding":"chunked","vary":"X-PJAX, X-PJAX-Container, Accept-Encoding, Accept, X-Requested-With","permissions-policy":"interest-cohort=()","etag":"W/\"5e7c7dcabba71c74f75a56bcbbe9c657\"","cache-control":"max-age=0, private, must-revalidate","strict-transport-security":"max-age=31536000; includeSubdomains; preload","x-frame-options":"deny","x-content-type-options":"nosniff","x-xss-protection":"0","referrer-policy":"origin-when-cross-origin, strict-origin-when-cross-origin","expect-ct":"max-age=2592000, report-uri=\"https://api.github.com/_private/browser/errors\"","content-security-policy":"default-src 'none'; base-uri 'self'; block-all-mixed-content; child-src github.com/assets-cdn/worker/ gist.github.com/assets-cdn/worker/; connect-src 'self' uploads.github.com objects-origin.githubusercontent.com www.githubstatus.com collector.githubapp.com api.github.com github-cloud.s3.amazonaws.com github-production-repository-file-5c1aeb.s3.amazonaws.com github-production-upload-manifest-file-7fdce7.s3.amazonaws.com github-production-user-asset-6210df.s3.amazonaws.com cdn.optimizely.com logx.optimizely.com/v1/events translator.github.com wss://alive.github.com; font-src github.githubassets.com; form-action 'self' github.com gist.github.com objects-origin.githubusercontent.com; frame-ancestors 'none'; frame-src render.githubusercontent.com viewscreen.githubusercontent.com notebooks.githubusercontent.com; img-src 'self' data: github.githubassets.com identicons.github.com collector.githubapp.com github-cloud.s3.amazonaws.com secured-user-images.githubusercontent.com/ *.githubusercontent.com; manifest-src 'self'; media-src github.com user-images.githubusercontent.com/; script-src github.githubassets.com; style-src 'unsafe-inline' github.githubassets.com; worker-src github.com/assets-cdn/worker/ gist.github.com/assets-cdn/worker/","x-github-request-id":"AA2C:7255:5A7140:6C54D0:61ED3E6D"}
[debug] [2022-01-23T11:39:26.721Z] >>> [apiv2][query] GET https://api.github.com/user [none]
[debug] [2022-01-23T11:39:27.482Z] <<< [apiv2][status] GET https://api.github.com/user 200
[debug] [2022-01-23T11:39:27.482Z] <<< [apiv2][body] GET https://api.github.com/user {"login":"Gulshank61","id":85175971,"node_id":"MDQ6VXNlcjg1MTc1OTcx","avatar_url":"https://avatars.githubusercontent.com/u/85175971?v=4","gravatar_id":"","url":"https://api.github.com/users/Gulshank61","html_url":"https://github.com/Gulshank61","followers_url":"https://api.github.com/users/Gulshank61/followers","following_url":"https://api.github.com/users/Gulshank61/following{/other_user}","gists_url":"https://api.github.com/users/Gulshank61/gists{/gist_id}","starred_url":"https://api.github.com/users/Gulshank61/starred{/owner}{/repo}","subscriptions_url":"https://api.github.com/users/Gulshank61/subscriptions","organizations_url":"https://api.github.com/users/Gulshank61/orgs","repos_url":"https://api.github.com/users/Gulshank61/repos","events_url":"https://api.github.com/users/Gulshank61/events{/privacy}","received_events_url":"https://api.github.com/users/Gulshank61/received_events","type":"User","site_admin":false,"name":"Gulshan Khandale","company":null,"blog":"https://gulshank61.github.io/gulshankhandale.github.io/","location":"Maharashtra","email":null,"hireable":null,"bio":"I am passionate front end developer from india.â¤","twitter_username":"gulshankhandal1","public_repos":14,"public_gists":0,"followers":0,"following":0,"created_at":"2021-06-01T13:43:31Z","updated_at":"2022-01-17T11:06:07Z","private_gists":0,"total_private_repos":2,"owned_private_repos":2,"disk_usage":4953,"collaborators":0,"two_factor_authentication":false,"plan":{"name":"free","space":976562499,"collaborators":0,"private_repos":10000}}
[info] 
[info] +  Success! Logged into GitHub as Gulshank61 
[info] 
